<?xml version="1.0" encoding="UTF-8"?>
<testng-results skipped="0" failed="1" ignored="0" total="1" passed="0">
  <reporter-output>
  </reporter-output>
  <suite name="Default suite" duration-ms="16169" started-at="2018-02-23T02:09:23Z" finished-at="2018-02-23T02:09:40Z">
    <groups>
      <group name="cucumber">
        <method signature="AbstractTestNGCucumberTests.feature(cucumber.api.testng.CucumberFeatureWrapper)[pri:0, instance:runner.Runner@724af044]" name="feature" class="cucumber.api.testng.AbstractTestNGCucumberTests"/>
      </group> <!-- cucumber -->
    </groups>
    <test name="Default test" duration-ms="16169" started-at="2018-02-23T02:09:23Z" finished-at="2018-02-23T02:09:40Z">
      <class name="runner.Runner">
        <test-method status="PASS" signature="setUpClass()[pri:0, instance:runner.Runner@724af044]" name="setUpClass" is-config="true" duration-ms="457" started-at="2018-02-23T07:39:24Z" finished-at="2018-02-23T07:39:24Z">
          <reporter-output>
          </reporter-output>
        </test-method> <!-- setUpClass -->
        <test-method status="PASS" signature="useChromeBrowser()[pri:0, instance:runner.Runner@724af044]" name="useChromeBrowser" is-config="true" duration-ms="4024" started-at="2018-02-23T07:39:24Z" finished-at="2018-02-23T07:39:28Z">
          <reporter-output>
          </reporter-output>
        </test-method> <!-- useChromeBrowser -->
        <test-method status="FAIL" signature="feature(cucumber.api.testng.CucumberFeatureWrapper)[pri:0, instance:runner.Runner@724af044]" name="feature" duration-ms="11460" started-at="2018-02-23T07:39:28Z" description="Runs Cucumber Feature" data-provider="features" finished-at="2018-02-23T07:39:40Z">
          <params>
            <param index="0">
              <value>
                <![CDATA[Branches]]>
              </value>
            </param>
          </params>
          <exception class="cucumber.runtime.CucumberException">
            <message>
              <![CDATA[junit.framework.ComparisonFailure: expected:<[Social]> but was:<[Maths]>]]>
            </message>
            <full-stacktrace>
              <![CDATA[cucumber.runtime.CucumberException: junit.framework.ComparisonFailure: expected:<[Social]> but was:<[Maths]>
	at cucumber.api.testng.TestNGCucumberRunner.runCucumber(TestNGCucumberRunner.java:69)
	at cucumber.api.testng.AbstractTestNGCucumberTests.feature(AbstractTestNGCucumberTests.java:21)
	at sun.reflect.NativeMethodAccessorImpl.invoke0(Native Method)
	at sun.reflect.NativeMethodAccessorImpl.invoke(Unknown Source)
	at sun.reflect.DelegatingMethodAccessorImpl.invoke(Unknown Source)
	at java.lang.reflect.Method.invoke(Unknown Source)
	at org.testng.internal.MethodInvocationHelper.invokeMethod(MethodInvocationHelper.java:108)
	at org.testng.internal.Invoker.invokeMethod(Invoker.java:661)
	at org.testng.internal.Invoker.invokeTestMethod(Invoker.java:869)
	at org.testng.internal.Invoker.invokeTestMethods(Invoker.java:1193)
	at org.testng.internal.TestMethodWorker.invokeTestMethods(TestMethodWorker.java:126)
	at org.testng.internal.TestMethodWorker.run(TestMethodWorker.java:109)
	at org.testng.TestRunner.privateRun(TestRunner.java:744)
	at org.testng.TestRunner.run(TestRunner.java:602)
	at org.testng.SuiteRunner.runTest(SuiteRunner.java:380)
	at org.testng.SuiteRunner.runSequentially(SuiteRunner.java:375)
	at org.testng.SuiteRunner.privateRun(SuiteRunner.java:340)
	at org.testng.SuiteRunner.run(SuiteRunner.java:289)
	at org.testng.SuiteRunnerWorker.runSuite(SuiteRunnerWorker.java:52)
	at org.testng.SuiteRunnerWorker.run(SuiteRunnerWorker.java:86)
	at org.testng.TestNG.runSuitesSequentially(TestNG.java:1301)
	at org.testng.TestNG.runSuitesLocally(TestNG.java:1226)
	at org.testng.TestNG.runSuites(TestNG.java:1144)
	at org.testng.TestNG.run(TestNG.java:1115)
	at org.testng.remote.AbstractRemoteTestNG.run(AbstractRemoteTestNG.java:114)
	at org.testng.remote.RemoteTestNG.initAndRun(RemoteTestNG.java:251)
	at org.testng.remote.RemoteTestNG.main(RemoteTestNG.java:77)
Caused by: junit.framework.ComparisonFailure: expected:<[Social]> but was:<[Maths]>
	at junit.framework.Assert.assertEquals(Assert.java:100)
	at junit.framework.Assert.assertEquals(Assert.java:107)
	at steps.BranchesSteps.new_branch_details_should_be_replaced_with_old(BranchesSteps.java:139)
	at ✽.Then new branch details should be replaced with old(src/features/Branches.feature:26)
]]>
            </full-stacktrace>
          </exception> <!-- cucumber.runtime.CucumberException -->
          <reporter-output>
          </reporter-output>
        </test-method> <!-- feature -->
        <test-method status="PASS" signature="tearDownClass()[pri:0, instance:runner.Runner@724af044]" name="tearDownClass" is-config="true" duration-ms="19" started-at="2018-02-23T07:39:40Z" finished-at="2018-02-23T07:39:40Z">
          <reporter-output>
          </reporter-output>
        </test-method> <!-- tearDownClass -->
      </class> <!-- runner.Runner -->
    </test> <!-- Default test -->
  </suite> <!-- Default suite -->
</testng-results>
